# JRE version: OpenJDK Runtime Environment (21.0.5) (build 21.0.5+-13047016-b750.29)
# Java VM: OpenJDK 64-Bit Server VM (21.0.5+-13047016-b750.29, mixed mode, tiered, compressed oops, compressed class ptrs, g1 gc, windows-amd64)
GC Precious Log:
 CardTable entry size: 512
 Card Set container configuration: InlinePtr #cards 5 size 8 Array Of Cards #cards 12 size 40 Howl #buckets 4 coarsen threshold 1843 Howl Bitmap #cards 512 size 80 coarsen threshold 460 Card regions per heap region 1 cards per card region 2048
 CPUs: 12 total, 12 available
 Memory: 15539M
 Large Page Support: Disabled
 NUMA Support: Disabled
 Compressed Oops: Enabled (32-bit)
 Heap Region Size: 1M
 Heap Min Capacity: 8M
 Heap Initial Capacity: 244M
 Heap Max Capacity: 2G
 Pre-touch: Disabled
 Parallel Workers: 10
 Concurrent Workers: 3
 Concurrent Refinement Workers: 10
 Periodic GC: Disabled
Heap:
 garbage-first heap   total 247808K, used 155673K [0x0000000080000000, 0x0000000100000000)
  region size 1024K, 17 young (17408K), 5 survivors (5120K)
 Metaspace       used 157207K, committed 159680K, reserved 1245184K
  class space    used 21485K, committed 22720K, reserved 1048576K
GC Heap History (20 events):
Event: 27.591 GC heap before
{Heap before GC invocations=56 (full 0):
 garbage-first heap   total 227328K, used 191244K [0x0000000080000000, 0x0000000100000000)
  region size 1024K, 79 young (80896K), 6 survivors (6144K)
 Metaspace       used 124792K, committed 127040K, reserved 1179648K
  class space    used 16771K, committed 17920K, reserved 1048576K
}
Event: 27.598 GC heap after
{Heap after GC invocations=57 (full 0):
 garbage-first heap   total 227328K, used 123568K [0x0000000080000000, 0x0000000100000000)
  region size 1024K, 10 young (10240K), 10 survivors (10240K)
 Metaspace       used 124792K, committed 127040K, reserved 1179648K
  class space    used 16771K, committed 17920K, reserved 1048576K
}
Event: 28.454 GC heap before
{Heap before GC invocations=57 (full 0):
 garbage-first heap   total 227328K, used 196272K [0x0000000080000000, 0x0000000100000000)
  region size 1024K, 78 young (79872K), 10 survivors (10240K)
 Metaspace       used 130867K, committed 133120K, reserved 1179648K
  class space    used 17462K, committed 18560K, reserved 1048576K
}
Event: 28.466 GC heap after
{Heap after GC invocations=58 (full 0):
 garbage-first heap   total 227328K, used 135914K [0x0000000080000000, 0x0000000100000000)
  region size 1024K, 10 young (10240K), 10 survivors (10240K)
 Metaspace       used 130867K, committed 133120K, reserved 1179648K
  class space    used 17462K, committed 18560K, reserved 1048576K
}
Event: 28.780 GC heap before
{Heap before GC invocations=58 (full 0):
 garbage-first heap   total 227328K, used 154346K [0x0000000080000000, 0x0000000100000000)
  region size 1024K, 29 young (29696K), 10 survivors (10240K)
 Metaspace       used 131423K, committed 133696K, reserved 1179648K
  class space    used 17500K, committed 18624K, reserved 1048576K
}
Event: 28.784 GC heap after
{Heap after GC invocations=59 (full 0):
 garbage-first heap   total 227328K, used 132756K [0x0000000080000000, 0x0000000100000000)
  region size 1024K, 2 young (2048K), 2 survivors (2048K)
 Metaspace       used 131423K, committed 133696K, reserved 1179648K
  class space    used 17500K, committed 18624K, reserved 1048576K
}
Event: 29.408 GC heap before
{Heap before GC invocations=60 (full 0):
 garbage-first heap   total 227328K, used 201364K [0x0000000080000000, 0x0000000100000000)
  region size 1024K, 68 young (69632K), 2 survivors (2048K)
 Metaspace       used 137568K, committed 139840K, reserved 1179648K
  class space    used 18443K, committed 19584K, reserved 1048576K
}
Event: 29.414 GC heap after
{Heap after GC invocations=61 (full 0):
 garbage-first heap   total 227328K, used 140958K [0x0000000080000000, 0x0000000100000000)
  region size 1024K, 9 young (9216K), 9 survivors (9216K)
 Metaspace       used 137568K, committed 139840K, reserved 1179648K
  class space    used 18443K, committed 19584K, reserved 1048576K
}
Event: 29.805 GC heap before
{Heap before GC invocations=61 (full 0):
 garbage-first heap   total 227328K, used 200350K [0x0000000080000000, 0x0000000100000000)
  region size 1024K, 68 young (69632K), 9 survivors (9216K)
 Metaspace       used 145429K, committed 147712K, reserved 1179648K
  class space    used 19856K, committed 20992K, reserved 1048576K
}
Event: 29.812 GC heap after
{Heap after GC invocations=62 (full 0):
 garbage-first heap   total 227328K, used 141242K [0x0000000080000000, 0x0000000100000000)
  region size 1024K, 4 young (4096K), 4 survivors (4096K)
 Metaspace       used 145429K, committed 147712K, reserved 1179648K
  class space    used 19856K, committed 20992K, reserved 1048576K
}
Event: 30.037 GC heap before
{Heap before GC invocations=62 (full 0):
 garbage-first heap   total 227328K, used 202682K [0x0000000080000000, 0x0000000100000000)
  region size 1024K, 65 young (66560K), 4 survivors (4096K)
 Metaspace       used 150018K, committed 152448K, reserved 1179648K
  class space    used 20583K, committed 21760K, reserved 1048576K
}
Event: 30.042 GC heap after
{Heap after GC invocations=63 (full 0):
 garbage-first heap   total 227328K, used 142589K [0x0000000080000000, 0x0000000100000000)
  region size 1024K, 5 young (5120K), 5 survivors (5120K)
 Metaspace       used 150018K, committed 152448K, reserved 1179648K
  class space    used 20583K, committed 21760K, reserved 1048576K
}
Event: 30.629 GC heap before
{Heap before GC invocations=64 (full 0):
 garbage-first heap   total 239616K, used 208125K [0x0000000080000000, 0x0000000100000000)
  region size 1024K, 69 young (70656K), 5 survivors (5120K)
 Metaspace       used 152390K, committed 154816K, reserved 1245184K
  class space    used 20987K, committed 22208K, reserved 1048576K
}
Event: 30.635 GC heap after
{Heap after GC invocations=65 (full 0):
 garbage-first heap   total 239616K, used 147699K [0x0000000080000000, 0x0000000100000000)
  region size 1024K, 9 young (9216K), 9 survivors (9216K)
 Metaspace       used 152390K, committed 154816K, reserved 1245184K
  class space    used 20987K, committed 22208K, reserved 1048576K
}
Event: 514.093 GC heap before
{Heap before GC invocations=65 (full 0):
 garbage-first heap   total 239616K, used 230643K [0x0000000080000000, 0x0000000100000000)
  region size 1024K, 76 young (77824K), 9 survivors (9216K)
 Metaspace       used 156344K, committed 158784K, reserved 1245184K
  class space    used 21500K, committed 22720K, reserved 1048576K
}
Event: 514.210 GC heap after
{Heap after GC invocations=66 (full 0):
 garbage-first heap   total 241664K, used 136275K [0x0000000080000000, 0x0000000100000000)
  region size 1024K, 3 young (3072K), 3 survivors (3072K)
 Metaspace       used 156344K, committed 158784K, reserved 1245184K
  class space    used 21500K, committed 22720K, reserved 1048576K
}
Event: 516.743 GC heap before
{Heap before GC invocations=66 (full 0):
 garbage-first heap   total 241664K, used 203859K [0x0000000080000000, 0x0000000100000000)
  region size 1024K, 70 young (71680K), 3 survivors (3072K)
 Metaspace       used 156868K, committed 159296K, reserved 1245184K
  class space    used 21503K, committed 22720K, reserved 1048576K
}
Event: 516.753 GC heap after
{Heap after GC invocations=67 (full 0):
 garbage-first heap   total 241664K, used 143985K [0x0000000080000000, 0x0000000100000000)
  region size 1024K, 10 young (10240K), 10 survivors (10240K)
 Metaspace       used 156868K, committed 159296K, reserved 1245184K
  class space    used 21503K, committed 22720K, reserved 1048576K
}
Event: 518.056 GC heap before
{Heap before GC invocations=68 (full 0):
 garbage-first heap   total 241664K, used 231025K [0x0000000080000000, 0x0000000100000000)
  region size 1024K, 82 young (83968K), 10 survivors (10240K)
 Metaspace       used 157180K, committed 159680K, reserved 1245184K
  class space    used 21482K, committed 22720K, reserved 1048576K
}
Event: 518.071 GC heap after
{Heap after GC invocations=69 (full 0):
 garbage-first heap   total 247808K, used 145433K [0x0000000080000000, 0x0000000100000000)
  region size 1024K, 5 young (5120K), 5 survivors (5120K)
 Metaspace       used 157180K, committed 159680K, reserved 1245184K
  class space    used 21482K, committed 22720K, reserved 1048576K
}

